<?xml version="1.0" encoding="UTF-8"?>
<!-- Generated by org.testng.reporters.JUnitReportReporter -->
<testsuite skipped="0" hostname="SonyVaio-HK-PC" name="seleniumSinglentonPattern.TestCase1" tests="1" failures="0" timestamp="2020-04-07T20:35:48 IST" time="18.217" errors="0">
  <testcase name="getGoogleText" time="18.217" classname="seleniumSinglentonPattern.TestCase1"/>
</testsuite> <!-- seleniumSinglentonPattern.TestCase1 -->
